<?xml version="1.0" encoding="UTF-8"?>
<!-- Generated by org.testng.reporters.JUnitReportReporter -->
<testsuite hostname="LAPTOP-R0SMGEJT" failures="0" tests="3" name="com.testscripts.Guru99_Test_Homepage" time="19.729" errors="0" timestamp="2023-06-28T17:21:40 IST" skipped="0">
  <testcase classname="com.testscripts.Guru99_Test_Homepage" name="text_of_google_search" time="6.069"/>
  <system-out/>
  <testcase classname="com.testscripts.Guru99_Test_Homepage" name="displaying_courcesName_under_TESTING" time="5.340"/>
  <system-out/>
  <testcase classname="com.testscripts.Guru99_Test_Homepage" name="verify_click_on_cucumbertesting_link" time="8.320"/>
  <system-out/>
</testsuite> <!-- com.testscripts.Guru99_Test_Homepage -->
